<?xml version="1.0" encoding="utf-8"?><testsuites><testsuite errors="0" failures="0" hostname="DESKTOP-KUUNB26" name="pytest" skipped="0" tests="3" time="0.371" timestamp="2020-05-25T22:55:50.856646"><testcase classname="test_main" file="test_main.py" line="11" name="test_get_temperature_by_lat_lng[62--14.235004--51.92528-16]" time="0.003"></testcase><testcase classname="test_main" file="test_main.py" line="11" name="test_get_temperature_by_lat_lng[32-50.652544-32.852458-0]" time="0.003"></testcase><testcase classname="test_main" file="test_main.py" line="11" name="test_get_temperature_by_lat_lng[50--10.856584-25.548-10]" time="0.005"></testcase></testsuite></testsuites>